Copyright 1986-2019 Xilinx, Inc. All Rights Reserved.
------------------------------------------------------------------------------------------------
| Tool Version : Vivado v.2019.2 (win64) Build 2708876 Wed Nov  6 21:40:23 MST 2019
| Date         : Wed Apr  6 05:08:05 2022
| Host         : DESKTOP-SUFF1L6 running 64-bit major release  (build 9200)
| Command      : report_drc -file FSM_drc_opted.rpt -pb FSM_drc_opted.pb -rpx FSM_drc_opted.rpx
| Design       : FSM
| Device       : xc7a35tcpg236-1
| Speed File   : -1
| Design State : Synthesized
------------------------------------------------------------------------------------------------

Report DRC

Table of Contents
-----------------
1. REPORT SUMMARY
2. REPORT DETAILS

1. REPORT SUMMARY
-----------------
            Netlist: netlist
          Floorplan: design_1
      Design limits: <entire design considered>
           Ruledeck: default
             Max violations: <unlimited>
             Violations found: 3
+-------------+----------+-------------------------------------------------------------+------------+
| Rule        | Severity | Description                                                 | Violations |
+-------------+----------+-------------------------------------------------------------+------------+
| CFGBVS-1    | Warning  | Missing CFGBVS and CONFIG_VOLTAGE Design Properties         | 1          |
| PLHOLDVIO-2 | Warning  | Non-Optimal connections which could lead to hold violations | 2          |
+-------------+----------+-------------------------------------------------------------+------------+

2. REPORT DETAILS
-----------------
CFGBVS-1#1 Warning
Missing CFGBVS and CONFIG_VOLTAGE Design Properties  
Neither the CFGBVS nor CONFIG_VOLTAGE voltage property is set in the current_design.  Configuration bank voltage select (CFGBVS) must be set to VCCO or GND, and CONFIG_VOLTAGE must be set to the correct configuration voltage, in order to determine the I/O voltage support for the pins in bank 0.  It is suggested to specify these either using the 'Edit Device Properties' function in the GUI or directly in the XDC file using the following syntax:

 set_property CFGBVS value1 [current_design]
 #where value1 is either VCCO or GND

 set_property CONFIG_VOLTAGE value2 [current_design]
 #where value2 is the voltage provided to configuration bank 0

Refer to the device configuration user guide for more information.
Related violations: <none>

PLHOLDVIO-2#1 Warning
Non-Optimal connections which could lead to hold violations  
A LUT dr_RC[2]_i_2 is driving clock pin of 18 cells. This could lead to large hold time violations. Involved cells are:
dr_LA_reg[0], dr_LA_reg[1], dr_LA_reg[2], dr_LB_reg[0], dr_LB_reg[1], dr_LB_reg[2], dr_LC_reg[0], dr_LC_reg[1], dr_LC_reg[2], dr_RA_reg[0], dr_RA_reg[1], dr_RA_reg[2], dr_RB_reg[0], dr_RB_reg[1], dr_RB_reg[2] (the first 15 of 18 listed)
Related violations: <none>

PLHOLDVIO-2#2 Warning
Non-Optimal connections which could lead to hold violations  
A LUT sta_n[8]_i_1 is driving clock pin of 9 cells. This could lead to large hold time violations. Involved cells are:
sta_n_reg[0], sta_n_reg[1], sta_n_reg[2], sta_n_reg[3], sta_n_reg[4], sta_n_reg[5], sta_n_reg[6], sta_n_reg[7], sta_n_reg[8]
Related violations: <none>


